2024-03-21 12:35:22,210 - GlobalUtils.logger - INFO - BinancePositionController - No open position to close for ETHUSDT.
2024-03-21 12:35:22,514 - GlobalUtils.logger - INFO - BinancePositionController - No open position to close for BTCUSDT.
2024-03-21 12:35:22,514 - GlobalUtils.logger - INFO - MasterPositionController - Position report esta asi: {'Synthetix': None, 'Binance': None, 'close_reason': 'TEST'}
2024-03-21 12:35:39,680 - GlobalUtils.logger - INFO - TradeLogger - Database accessed successfully.
2024-03-21 12:35:42,192 - GlobalUtils.logger - INFO - Best opportunity found, suggested position: short, details: {'long_exchange': 'Binance', 'short_exchange': 'Synthetix', 'symbol': 'ETH', 'funding_rate': 0.0012444577666882793}
2024-03-21 12:35:43,259 - GlobalUtils.logger - INFO - SynthetixPositionController - Accounts checked and found successfully.
2024-03-21 12:35:43,259 - GlobalUtils.logger - INFO - SynthetixPositionController - Successfully retrieved default account.
2024-03-21 12:35:43,625 - GlobalUtils.logger - INFO - SynthetixPositionController - Collateral balance called successfully: 9008.74897767472
2024-03-21 12:35:43,920 - GlobalUtils.logger - INFO - MasterPositionController - Successfully retrieved available collateral from all exchanges.
2024-03-21 12:35:43,920 - GlobalUtils.logger - INFO - MasterPositionControllerUtils - collateral ratio between Binance and Synthetix = 0.1471177001573075
2024-03-21 12:35:43,920 - GlobalUtils.logger - INFO - MasterPositionController - Trade size calculated: 132.534643089
2024-03-21 12:35:44,341 - GlobalUtils.logger - INFO - BinancePositionController - levered trade size in asset calculated at 0.187
2024-03-21 12:35:45,133 - GlobalUtils.logger - INFO - BinancePositionController - placing order w/ amount: 0.187
2024-03-21 12:35:47,619 - GlobalUtils.logger - INFO - BinancePositionController - Trade executed: ETHUSDT BUY, Quantity: 0.187, Order id: 1325173395
2024-03-21 12:35:48,345 - GlobalUtils.logger - INFO - MasterPositionController - Binance trade execution response: {'exchange': 'Binance', 'symbol': 'ETHUSDT', 'side': 'Long', 'size': '0.187', 'order_id': 1325173395, 'liquidation_price': 0.0}
2024-03-21 12:35:49,457 - GlobalUtils.logger - INFO - SynthetixPositionController - levered trade size in asset calculated at -0.187
2024-03-21 12:36:10,758 - GlobalUtils.logger - INFO - SynthetixPositionController - Order executed successfully
2024-03-21 12:36:10,758 - GlobalUtils.logger - INFO - MasterPositionController - Synthetix trade execution response: {'exchange': 'Synthetix', 'symbol': 'ETH', 'side': 'Short', 'size': -0.187, 'order_id': 54105604079324153, 'liquidation_price': 153.85055843285963}
2024-03-21 12:36:10,758 - GlobalUtils.logger - INFO - Publishing POSITION_OPENED with position_data: {'Binance': {'exchange': 'Binance', 'symbol': 'ETHUSDT', 'side': 'Long', 'size': '0.187', 'order_id': 1325173395, 'liquidation_price': 0.0}, 'Synthetix': {'exchange': 'Synthetix', 'symbol': 'ETH', 'side': 'Short', 'size': -0.187, 'order_id': 54105604079324153, 'liquidation_price': 153.85055843285963}}
2024-03-21 12:36:20,763 - GlobalUtils.logger - INFO - Logging trade pair with ID: 14b7f600-1c8d-47be-a45f-b71c7090c422, data: {'Binance': {'exchange': 'Binance', 'symbol': 'ETHUSDT', 'side': 'Long', 'size': '0.187', 'order_id': 1325173395, 'liquidation_price': 0.0}, 'Synthetix': {'exchange': 'Synthetix', 'symbol': 'ETH', 'side': 'Short', 'size': -0.187, 'order_id': 54105604079324153, 'liquidation_price': 153.85055843285963}}
2024-03-21 12:36:20,766 - GlobalUtils.logger - INFO - SynthetixPositionMonitor - No open Synthetix positions found
2024-03-21 12:36:20,767 - GlobalUtils.logger - INFO - BinancePositionMonitor - No open Binance positions found
2024-03-21 12:36:20,768 - GlobalUtils.logger - ERROR - MasterPositionMonitor - Error while checking liquidation risk for positions: cannot access local variable 'symbol' where it is not associated with a value
2024-03-21 12:36:20,769 - GlobalUtils.logger - INFO - SynthetixPositionMonitor - No open Synthetix positions found
2024-03-21 12:36:20,771 - GlobalUtils.logger - INFO - BinancePositionMonitor - No open Binance positions found
2024-03-21 12:36:20,772 - GlobalUtils.logger - ERROR - MasterPositionMonitor - Error checking overall profitability for open positions: cannot access local variable 'symbol' where it is not associated with a value
2024-03-21 12:36:20,773 - GlobalUtils.logger - INFO - SynthetixPositionMonitor - No open Synthetix positions found
2024-03-21 12:36:20,774 - GlobalUtils.logger - INFO - BinancePositionMonitor - No open Binance positions found
2024-03-21 12:36:20,774 - GlobalUtils.logger - ERROR - MasterPositionMonitor - Synthetix position is missing when trying to calculate delta.
2024-03-21 12:36:20,782 - GlobalUtils.logger - INFO - TradeLogger - Logged open trade for strategy_execution_id: 14b7f600-1c8d-47be-a45f-b71c7090c422 on exchange: Binance
2024-03-21 12:36:20,786 - GlobalUtils.logger - INFO - TradeLogger - Logged open trade for strategy_execution_id: 14b7f600-1c8d-47be-a45f-b71c7090c422 on exchange: Synthetix
2024-03-21 12:36:20,788 - GlobalUtils.logger - INFO - MasterPositionController - Trades executed successfully for opportunity.
2024-03-21 12:36:23,954 - GlobalUtils.logger - INFO - SynthetixPositionController - Position successfully closed: {'exchange': 'Synthetix', 'pnl': 0.14504749499814268, 'accrued_funding': 0.000514500897010983}
2024-03-21 12:36:28,405 - GlobalUtils.logger - INFO - BinancePositionController - Open position for symbol ETHUSDT has been successfully closed: {'exchange': 'Binance', 'pnl': -20.01648993, 'accrued_fees': 0.0}
2024-03-21 12:36:28,714 - GlobalUtils.logger - INFO - BinancePositionController - No open position to close for BTCUSDT.
2024-03-21 12:36:28,714 - GlobalUtils.logger - INFO - MasterPositionController - Position report esta asi: {'Synthetix': {'exchange': 'Synthetix', 'pnl': 0.14504749499814268, 'accrued_funding': 0.000514500897010983}, 'Binance': {'exchange': 'Binance', 'pnl': -20.01648993, 'accrued_fees': 0.0}, 'close_reason': 'NO_LONGER_PROFITABLE'}
2024-03-21 12:36:28,719 - GlobalUtils.logger - INFO - TradeLogger - Found open strategy execution ID: 14b7f600-1c8d-47be-a45f-b71c7090c422
2024-03-21 12:36:28,721 - GlobalUtils.logger - INFO - TradeLogger - Retrieved trades for execution id: 14b7f600-1c8d-47be-a45f-b71c7090c422
2024-03-21 12:36:28,722 - GlobalUtils.logger - INFO - TradeLogger - Logged close trade for strategy_execution_id: 14b7f600-1c8d-47be-a45f-b71c7090c422
2024-03-21 12:36:28,722 - GlobalUtils.logger - INFO - TradeLogger - Logged close trade for strategy_execution_id: 14b7f600-1c8d-47be-a45f-b71c7090c422
2024-03-21 12:36:56,170 - GlobalUtils.logger - INFO - BinancePositionController - No open position to close for ETHUSDT.
2024-03-21 12:36:56,461 - GlobalUtils.logger - INFO - BinancePositionController - No open position to close for BTCUSDT.
2024-03-21 12:36:56,461 - GlobalUtils.logger - INFO - MasterPositionController - Closing positions with position report: {'Synthetix': None, 'Binance': None, 'close_reason': 'TEST'}
2024-03-21 13:51:53,242 - GlobalUtils.logger - INFO - TradeLogger - Database accessed successfully.
2024-03-21 13:51:55,603 - GlobalUtils.logger - INFO - Best opportunity found, suggested position: short, details: {'long_exchange': 'Binance', 'short_exchange': 'Synthetix', 'symbol': 'ETH', 'funding_rate': 0.0012445360248943378}
2024-03-21 13:51:56,728 - GlobalUtils.logger - INFO - SynthetixPositionController - Accounts checked and found successfully.
2024-03-21 13:51:56,729 - GlobalUtils.logger - INFO - SynthetixPositionController - Successfully retrieved default account.
2024-03-21 13:51:57,107 - GlobalUtils.logger - INFO - SynthetixPositionController - Collateral balance called successfully: 9003.782870070518
2024-03-21 13:51:57,402 - GlobalUtils.logger - INFO - MasterPositionController - Successfully retrieved available collateral from all exchanges.
2024-03-21 13:51:57,402 - GlobalUtils.logger - INFO - MasterPositionControllerUtils - collateral ratio between Binance and Synthetix = 0.14633974721445947
2024-03-21 13:51:57,402 - GlobalUtils.logger - INFO - MasterPositionController - Trade size calculated: 131.76113091800002
2024-03-21 13:51:57,787 - GlobalUtils.logger - INFO - BinancePositionController - levered trade size in asset calculated at 0.187
2024-03-21 13:51:58,594 - GlobalUtils.logger - INFO - BinancePositionController - placing order w/ amount: 0.187
2024-03-21 13:52:01,364 - GlobalUtils.logger - INFO - BinancePositionController - Trade executed: ETHUSDT BUY, Quantity: 0.187, Order id: 1325232573
2024-03-21 13:52:01,641 - GlobalUtils.logger - INFO - MasterPositionController - Binance trade execution response: {'exchange': 'Binance', 'symbol': 'ETHUSDT', 'side': 'Long', 'size': '0.187', 'order_id': 1325232573, 'liquidation_price': 0.0}
2024-03-21 13:52:02,300 - GlobalUtils.logger - INFO - SynthetixPositionController - levered trade size in asset calculated at -0.187
2024-03-21 13:52:25,647 - GlobalUtils.logger - INFO - SynthetixPositionController - Order executed successfully
2024-03-21 13:52:25,648 - GlobalUtils.logger - INFO - MasterPositionController - Synthetix trade execution response: {'exchange': 'Synthetix', 'symbol': 'ETH', 'side': 'Short', 'size': -0.187, 'order_id': 966849173083252578, 'liquidation_price': 152.72929067366206}
2024-03-21 13:52:25,648 - GlobalUtils.logger - INFO - Publishing POSITION_OPENED with position_data: {'Binance': {'exchange': 'Binance', 'symbol': 'ETHUSDT', 'side': 'Long', 'size': '0.187', 'order_id': 1325232573, 'liquidation_price': 0.0}, 'Synthetix': {'exchange': 'Synthetix', 'symbol': 'ETH', 'side': 'Short', 'size': -0.187, 'order_id': 966849173083252578, 'liquidation_price': 152.72929067366206}}
2024-03-21 13:52:35,653 - GlobalUtils.logger - INFO - Logging trade pair with ID: 79b18104-c947-4e6c-8bc3-f726d1b696e2, data: {'Binance': {'exchange': 'Binance', 'symbol': 'ETHUSDT', 'side': 'Long', 'size': '0.187', 'order_id': 1325232573, 'liquidation_price': 0.0}, 'Synthetix': {'exchange': 'Synthetix', 'symbol': 'ETH', 'side': 'Short', 'size': -0.187, 'order_id': 966849173083252578, 'liquidation_price': 152.72929067366206}}
2024-03-21 13:52:35,655 - GlobalUtils.logger - INFO - SynthetixPositionMonitor - No open Synthetix positions found
2024-03-21 13:52:35,656 - GlobalUtils.logger - INFO - BinancePositionMonitor - No open Binance positions found
2024-03-21 13:52:35,656 - GlobalUtils.logger - ERROR - MasterPositionMonitor - Error while checking liquidation risk for positions: cannot access local variable 'symbol' where it is not associated with a value
2024-03-21 13:52:35,657 - GlobalUtils.logger - INFO - SynthetixPositionMonitor - No open Synthetix positions found
2024-03-21 13:52:35,659 - GlobalUtils.logger - INFO - BinancePositionMonitor - No open Binance positions found
2024-03-21 13:52:35,659 - GlobalUtils.logger - ERROR - MasterPositionMonitor - Error checking overall profitability for open positions: cannot access local variable 'symbol' where it is not associated with a value
2024-03-21 13:52:35,660 - GlobalUtils.logger - INFO - SynthetixPositionMonitor - No open Synthetix positions found
2024-03-21 13:52:35,662 - GlobalUtils.logger - INFO - BinancePositionMonitor - No open Binance positions found
2024-03-21 13:52:35,662 - GlobalUtils.logger - ERROR - MasterPositionMonitor - Synthetix position is missing when trying to calculate delta.
2024-03-21 13:52:35,668 - GlobalUtils.logger - INFO - TradeLogger - Logged open trade for strategy_execution_id: 79b18104-c947-4e6c-8bc3-f726d1b696e2 on exchange: Binance
2024-03-21 13:52:35,674 - GlobalUtils.logger - INFO - TradeLogger - Logged open trade for strategy_execution_id: 79b18104-c947-4e6c-8bc3-f726d1b696e2 on exchange: Synthetix
2024-03-21 13:52:35,675 - GlobalUtils.logger - INFO - MasterPositionController - Trades executed successfully for opportunity.
2024-03-21 13:52:39,176 - GlobalUtils.logger - INFO - SynthetixPositionController - Position successfully closed: {'exchange': 'Synthetix', 'pnl': 0.000993932131322577, 'accrued_funding': 0.000570280755521053}
2024-03-21 13:52:43,198 - GlobalUtils.logger - INFO - BinancePositionController - Open position for symbol ETHUSDT has been successfully closed: {'exchange': 'Binance', 'pnl': -22.22185955, 'accrued_fees': 0.0}
2024-03-21 13:52:43,926 - GlobalUtils.logger - INFO - BinancePositionController - No open position to close for BTCUSDT.
2024-03-21 13:52:43,926 - GlobalUtils.logger - INFO - MasterPositionController - Closing positions with position report: {'Synthetix': {'exchange': 'Synthetix', 'pnl': 0.000993932131322577, 'accrued_funding': 0.000570280755521053}, 'Binance': {'exchange': 'Binance', 'pnl': -22.22185955, 'accrued_fees': 0.0}, 'close_reason': 'NO_LONGER_PROFITABLE'}
2024-03-21 13:52:43,930 - GlobalUtils.logger - INFO - TradeLogger - Found open strategy execution ID: 79b18104-c947-4e6c-8bc3-f726d1b696e2
2024-03-21 13:52:43,932 - GlobalUtils.logger - INFO - TradeLogger - Retrieved trades for execution id: 79b18104-c947-4e6c-8bc3-f726d1b696e2
2024-03-21 13:52:43,933 - GlobalUtils.logger - INFO - TradeLogger - Logged close trade for strategy_execution_id: 79b18104-c947-4e6c-8bc3-f726d1b696e2
2024-03-21 13:52:43,934 - GlobalUtils.logger - INFO - TradeLogger - Logged close trade for strategy_execution_id: 79b18104-c947-4e6c-8bc3-f726d1b696e2
2024-03-21 13:53:08,712 - GlobalUtils.logger - INFO - Best opportunity found, suggested position: short, details: {'long_exchange': 'Binance', 'short_exchange': 'Synthetix', 'symbol': 'ETH', 'funding_rate': 0.0012445376326460382}
2024-03-21 13:53:10,788 - GlobalUtils.logger - INFO - SynthetixPositionController - Accounts checked and found successfully.
2024-03-21 13:53:10,788 - GlobalUtils.logger - INFO - SynthetixPositionController - Successfully retrieved default account.
2024-03-21 13:53:11,406 - GlobalUtils.logger - INFO - SynthetixPositionController - Collateral balance called successfully: 9000.528050573977
2024-03-21 13:53:11,700 - GlobalUtils.logger - INFO - MasterPositionController - Successfully retrieved available collateral from all exchanges.
2024-03-21 13:53:11,701 - GlobalUtils.logger - INFO - MasterPositionControllerUtils - collateral ratio between Binance and Synthetix = 0.14590895078386557
2024-03-21 13:53:11,701 - GlobalUtils.logger - INFO - MasterPositionController - Trade size calculated: 131.325760436
2024-03-21 13:53:11,944 - GlobalUtils.logger - INFO - BinancePositionController - levered trade size in asset calculated at 0.186
2024-03-21 13:53:12,697 - GlobalUtils.logger - INFO - BinancePositionController - placing order w/ amount: 0.186
2024-03-21 13:53:15,013 - GlobalUtils.logger - INFO - BinancePositionController - Trade executed: ETHUSDT BUY, Quantity: 0.186, Order id: 1325233605
2024-03-21 13:53:15,801 - GlobalUtils.logger - INFO - MasterPositionController - Binance trade execution response: {'exchange': 'Binance', 'symbol': 'ETHUSDT', 'side': 'Long', 'size': '0.186', 'order_id': 1325233605, 'liquidation_price': 0.0}
2024-03-21 13:53:16,640 - GlobalUtils.logger - INFO - SynthetixPositionController - levered trade size in asset calculated at -0.186
2024-03-21 13:53:36,235 - GlobalUtils.logger - INFO - SynthetixPositionController - Order executed successfully
2024-03-21 13:53:36,236 - GlobalUtils.logger - INFO - MasterPositionController - Synthetix trade execution response: {'exchange': 'Synthetix', 'symbol': 'ETH', 'side': 'Short', 'size': -0.186, 'order_id': 483719862307888004, 'liquidation_price': 152.66472912819347}
2024-03-21 13:53:36,236 - GlobalUtils.logger - INFO - Publishing POSITION_OPENED with position_data: {'Binance': {'exchange': 'Binance', 'symbol': 'ETHUSDT', 'side': 'Long', 'size': '0.186', 'order_id': 1325233605, 'liquidation_price': 0.0}, 'Synthetix': {'exchange': 'Synthetix', 'symbol': 'ETH', 'side': 'Short', 'size': -0.186, 'order_id': 483719862307888004, 'liquidation_price': 152.66472912819347}}
2024-03-21 13:53:46,242 - GlobalUtils.logger - INFO - Logging trade pair with ID: 5369156f-dc29-4f30-af1d-b5161175e892, data: {'Binance': {'exchange': 'Binance', 'symbol': 'ETHUSDT', 'side': 'Long', 'size': '0.186', 'order_id': 1325233605, 'liquidation_price': 0.0}, 'Synthetix': {'exchange': 'Synthetix', 'symbol': 'ETH', 'side': 'Short', 'size': -0.186, 'order_id': 483719862307888004, 'liquidation_price': 152.66472912819347}}
2024-03-21 13:53:46,244 - GlobalUtils.logger - INFO - SynthetixPositionMonitor - No open Synthetix positions found
2024-03-21 13:53:46,250 - GlobalUtils.logger - INFO - BinancePositionMonitor - No open Binance positions found
2024-03-21 13:53:46,251 - GlobalUtils.logger - ERROR - MasterPositionMonitor - Error while checking liquidation risk for positions: cannot access local variable 'symbol' where it is not associated with a value
2024-03-21 13:53:46,254 - GlobalUtils.logger - INFO - SynthetixPositionMonitor - No open Synthetix positions found
2024-03-21 13:53:46,255 - GlobalUtils.logger - INFO - TradeLogger - Logged open trade for strategy_execution_id: 5369156f-dc29-4f30-af1d-b5161175e892 on exchange: Binance
2024-03-21 13:53:46,257 - GlobalUtils.logger - INFO - BinancePositionMonitor - No open Binance positions found
2024-03-21 13:53:46,257 - GlobalUtils.logger - ERROR - MasterPositionMonitor - Error checking overall profitability for open positions: cannot access local variable 'symbol' where it is not associated with a value
2024-03-21 13:53:46,259 - GlobalUtils.logger - INFO - SynthetixPositionMonitor - No open Synthetix positions found
2024-03-21 13:53:46,260 - GlobalUtils.logger - INFO - BinancePositionMonitor - No open Binance positions found
2024-03-21 13:53:46,262 - GlobalUtils.logger - ERROR - MasterPositionMonitor - Synthetix position is missing when trying to calculate delta.
2024-03-21 13:53:46,276 - GlobalUtils.logger - INFO - TradeLogger - Logged open trade for strategy_execution_id: 5369156f-dc29-4f30-af1d-b5161175e892 on exchange: Synthetix
2024-03-21 13:53:46,281 - GlobalUtils.logger - INFO - MasterPositionController - Trades executed successfully for opportunity.
2024-03-21 13:53:49,903 - GlobalUtils.logger - INFO - SynthetixPositionController - Position successfully closed: {'exchange': 'Synthetix', 'pnl': 0.14147948049014952, 'accrued_funding': 0.000454337687335382}
2024-03-21 13:53:53,821 - GlobalUtils.logger - INFO - BinancePositionController - Open position for symbol ETHUSDT has been successfully closed: {'exchange': 'Binance', 'pnl': -21.18701693, 'accrued_fees': 0.0}
2024-03-21 13:53:54,107 - GlobalUtils.logger - INFO - BinancePositionController - No open position to close for BTCUSDT.
2024-03-21 13:53:54,108 - GlobalUtils.logger - INFO - MasterPositionController - Closing positions with position report: {'Synthetix': {'exchange': 'Synthetix', 'pnl': 0.14147948049014952, 'accrued_funding': 0.000454337687335382}, 'Binance': {'exchange': 'Binance', 'pnl': -21.18701693, 'accrued_fees': 0.0}, 'close_reason': 'NO_LONGER_PROFITABLE'}
2024-03-21 13:53:54,110 - GlobalUtils.logger - INFO - TradeLogger - Found open strategy execution ID: 5369156f-dc29-4f30-af1d-b5161175e892
2024-03-21 13:53:54,111 - GlobalUtils.logger - INFO - TradeLogger - Retrieved trades for execution id: 5369156f-dc29-4f30-af1d-b5161175e892
2024-03-21 13:53:54,112 - GlobalUtils.logger - INFO - TradeLogger - Logged close trade for strategy_execution_id: 5369156f-dc29-4f30-af1d-b5161175e892
2024-03-21 13:53:54,113 - GlobalUtils.logger - INFO - TradeLogger - Logged close trade for strategy_execution_id: 5369156f-dc29-4f30-af1d-b5161175e892
