2024-03-21 12:35:07 - [INFO] - Entering __init__ in SynthetixPositionController.py
2024-03-21 12:35:14 - [INFO] - Exiting __init__ in SynthetixPositionController.py
2024-03-21 12:35:14 - [INFO] - Entering __init__ in SynthetixPositionController.py
2024-03-21 12:35:20 - [INFO] - Exiting __init__ in SynthetixPositionController.py
2024-03-21 12:35:20 - [INFO] - Entering __init__ in BinancePositionController.py
2024-03-21 12:35:20 - [INFO] - Exiting __init__ in BinancePositionController.py
2024-03-21 12:35:20 - [INFO] - Entering close_all_positions in MasterPositionController.py
2024-03-21 12:35:22 - [INFO] - Exiting close_all_positions in MasterPositionController.py
2024-03-21 12:35:27 - [INFO] - Entering filter_exchanges_and_tokens in MasterCaller.py
2024-03-21 12:35:27 - [INFO] - Exiting filter_exchanges_and_tokens in MasterCaller.py
2024-03-21 12:35:27 - [INFO] - Entering __init__ in SynthetixPositionController.py
2024-03-21 12:35:31 - [INFO] - Exiting __init__ in SynthetixPositionController.py
2024-03-21 12:35:31 - [INFO] - Entering __init__ in BinancePositionController.py
2024-03-21 12:35:31 - [INFO] - Exiting __init__ in BinancePositionController.py
2024-03-21 12:35:31 - [INFO] - Entering __init__ in SynthetixPositionController.py
2024-03-21 12:35:35 - [INFO] - Exiting __init__ in SynthetixPositionController.py
2024-03-21 12:35:35 - [INFO] - Entering __init__ in BinancePositionController.py
2024-03-21 12:35:35 - [INFO] - Exiting __init__ in BinancePositionController.py
2024-03-21 12:35:35 - [INFO] - Entering subscribe_to_events in MasterPositionController.py
2024-03-21 12:35:35 - [INFO] - Exiting subscribe_to_events in MasterPositionController.py
2024-03-21 12:35:39 - [INFO] - Entering create_or_access_database in TradeDatabase.py
2024-03-21 12:35:39 - [INFO] - Exiting create_or_access_database in TradeDatabase.py
2024-03-21 12:35:39 - [INFO] - Entering start_search in main_class.py
2024-03-21 12:35:39 - [INFO] - Entering search_for_opportunities in main_class.py
2024-03-21 12:35:39 - [INFO] - Entering get_funding_rates in MasterCaller.py
2024-03-21 12:35:39 - [INFO] - Entering get_funding_rates in SynthetixCaller.py
2024-03-21 12:35:41 - [INFO] - Entering _filter_market_data in SynthetixCaller.py
2024-03-21 12:35:41 - [INFO] - Exiting _filter_market_data in SynthetixCaller.py
2024-03-21 12:35:41 - [INFO] - Exiting get_funding_rates in SynthetixCaller.py
2024-03-21 12:35:41 - [INFO] - Entering get_funding_rates in binanceCaller.py
2024-03-21 12:35:41 - [INFO] - Entering _fetch_funding_rate_for_symbol in binanceCaller.py
2024-03-21 12:35:41 - [INFO] - Exiting _fetch_funding_rate_for_symbol in binanceCaller.py
2024-03-21 12:35:41 - [INFO] - Entering _parse_funding_rate_data in binanceCaller.py
2024-03-21 12:35:41 - [INFO] - Exiting _parse_funding_rate_data in binanceCaller.py
2024-03-21 12:35:41 - [INFO] - Entering _fetch_funding_rate_for_symbol in binanceCaller.py
2024-03-21 12:35:42 - [INFO] - Exiting _fetch_funding_rate_for_symbol in binanceCaller.py
2024-03-21 12:35:42 - [INFO] - Entering _parse_funding_rate_data in binanceCaller.py
2024-03-21 12:35:42 - [INFO] - Exiting _parse_funding_rate_data in binanceCaller.py
2024-03-21 12:35:42 - [INFO] - Exiting get_funding_rates in binanceCaller.py
2024-03-21 12:35:42 - [INFO] - Exiting get_funding_rates in MasterCaller.py
2024-03-21 12:35:42 - [INFO] - Entering find_delta_neutral_arbitrage_opportunities in MatchingEngine.py
2024-03-21 12:35:42 - [INFO] - Entering normalize_symbol in globalUtils.py
2024-03-21 12:35:42 - [INFO] - Exiting normalize_symbol in globalUtils.py
2024-03-21 12:35:42 - [INFO] - Entering normalize_symbol in globalUtils.py
2024-03-21 12:35:42 - [INFO] - Exiting normalize_symbol in globalUtils.py
2024-03-21 12:35:42 - [INFO] - Entering normalize_symbol in globalUtils.py
2024-03-21 12:35:42 - [INFO] - Exiting normalize_symbol in globalUtils.py
2024-03-21 12:35:42 - [INFO] - Entering normalize_symbol in globalUtils.py
2024-03-21 12:35:42 - [INFO] - Exiting normalize_symbol in globalUtils.py
2024-03-21 12:35:42 - [INFO] - Entering find_arbitrage_opportunities_for_symbol in MatchingEngine.py
2024-03-21 12:35:42 - [INFO] - Entering normalize_symbol in globalUtils.py
2024-03-21 12:35:42 - [INFO] - Exiting normalize_symbol in globalUtils.py
2024-03-21 12:35:42 - [INFO] - Exiting find_arbitrage_opportunities_for_symbol in MatchingEngine.py
2024-03-21 12:35:42 - [INFO] - Entering find_arbitrage_opportunities_for_symbol in MatchingEngine.py
2024-03-21 12:35:42 - [INFO] - Entering normalize_symbol in globalUtils.py
2024-03-21 12:35:42 - [INFO] - Exiting normalize_symbol in globalUtils.py
2024-03-21 12:35:42 - [INFO] - Exiting find_arbitrage_opportunities_for_symbol in MatchingEngine.py
2024-03-21 12:35:42 - [INFO] - Exiting find_delta_neutral_arbitrage_opportunities in MatchingEngine.py
2024-03-21 12:35:42 - [INFO] - Entering find_most_profitable_opportunity in checkProfitability.py
2024-03-21 12:35:42 - [INFO] - Exiting find_most_profitable_opportunity in checkProfitability.py
2024-03-21 12:35:42 - [INFO] - Entering execute_trades in MasterPositionController.py
2024-03-21 12:35:42 - [INFO] - Entering is_already_position_open in MasterPositionController.py
2024-03-21 12:35:43 - [INFO] - Exiting is_already_position_open in MasterPositionController.py
2024-03-21 12:35:43 - [INFO] - Entering get_trade_size in MasterPositionController.py
2024-03-21 12:35:43 - [INFO] - Entering get_available_collateral_by_exchange in MasterPositionController.py
2024-03-21 12:35:43 - [INFO] - Exiting get_available_collateral_by_exchange in MasterPositionController.py
2024-03-21 12:35:43 - [INFO] - Exiting get_trade_size in MasterPositionController.py
2024-03-21 12:35:43 - [INFO] - Entering get_full_asset_name in globalUtils.py
2024-03-21 12:35:43 - [INFO] - Exiting get_full_asset_name in globalUtils.py
2024-03-21 12:35:43 - [INFO] - Entering get_asset_amount_for_given_dollar_amount in globalUtils.py
2024-03-21 12:35:43 - [INFO] - Entering get_asset_price in globalUtils.py
2024-03-21 12:35:44 - [INFO] - Exiting get_asset_price in globalUtils.py
2024-03-21 12:35:44 - [INFO] - Exiting get_asset_amount_for_given_dollar_amount in globalUtils.py
2024-03-21 12:35:44 - [INFO] - Entering adjust_trade_size_for_direction in globalUtils.py
2024-03-21 12:35:44 - [INFO] - Exiting adjust_trade_size_for_direction in globalUtils.py
2024-03-21 12:35:49 - [INFO] - Entering get_full_asset_name in globalUtils.py
2024-03-21 12:35:49 - [INFO] - Exiting get_full_asset_name in globalUtils.py
2024-03-21 12:35:49 - [INFO] - Entering get_asset_amount_for_given_dollar_amount in globalUtils.py
2024-03-21 12:35:49 - [INFO] - Entering get_asset_price in globalUtils.py
2024-03-21 12:35:49 - [INFO] - Exiting get_asset_price in globalUtils.py
2024-03-21 12:35:49 - [INFO] - Exiting get_asset_amount_for_given_dollar_amount in globalUtils.py
2024-03-21 12:35:49 - [INFO] - Entering adjust_trade_size_for_direction in globalUtils.py
2024-03-21 12:35:49 - [INFO] - Exiting adjust_trade_size_for_direction in globalUtils.py
2024-03-21 12:35:52 - [INFO] - Entering is_transaction_hash in SynthetixPositionControllerUtils.py
2024-03-21 12:35:52 - [INFO] - Exiting is_transaction_hash in SynthetixPositionControllerUtils.py
2024-03-21 12:36:10 - [INFO] - Entering parse_trade_data_from_position_details in SynthetixPositionControllerUtils.py
2024-03-21 12:36:10 - [INFO] - Entering get_side in SynthetixPositionControllerUtils.py
2024-03-21 12:36:10 - [INFO] - Exiting get_side in SynthetixPositionControllerUtils.py
2024-03-21 12:36:10 - [INFO] - Entering get_full_asset_name in globalUtils.py
2024-03-21 12:36:10 - [INFO] - Exiting get_full_asset_name in globalUtils.py
2024-03-21 12:36:10 - [INFO] - Entering get_asset_price in globalUtils.py
2024-03-21 12:36:10 - [INFO] - Exiting get_asset_price in globalUtils.py
2024-03-21 12:36:10 - [INFO] - Entering calculate_liquidation_price in SynthetixPositionControllerUtils.py
2024-03-21 12:36:10 - [INFO] - Exiting calculate_liquidation_price in SynthetixPositionControllerUtils.py
2024-03-21 12:36:10 - [INFO] - Exiting parse_trade_data_from_position_details in SynthetixPositionControllerUtils.py
2024-03-21 12:36:10 - [INFO] - Entering on_position_opened in MasterPositionMonitor.py
2024-03-21 12:36:20 - [INFO] - Entering start_health_check in MasterPositionMonitor.py
2024-03-21 12:36:20 - [INFO] - Exiting on_position_opened in MasterPositionMonitor.py
2024-03-21 12:36:20 - [INFO] - Entering position_health_check in MasterPositionMonitor.py
2024-03-21 12:36:20 - [INFO] - Entering check_liquidation_risk in MasterPositionMonitor.py
2024-03-21 12:36:20 - [INFO] - Entering get_open_position in SynthetixPositionMonitor.py
2024-03-21 12:36:20 - [INFO] - Entering log_trade_pair in TradeDatabase.py
2024-03-21 12:36:20 - [INFO] - Entering log_open_trade in TradeDatabase.py
2024-03-21 12:36:20 - [INFO] - Exiting get_open_position in SynthetixPositionMonitor.py
2024-03-21 12:36:20 - [INFO] - Entering get_open_position in BinancePositionMonitor.py
2024-03-21 12:36:20 - [INFO] - Exiting get_open_position in BinancePositionMonitor.py
2024-03-21 12:36:20 - [INFO] - Entering is_near_liquidation_price in SynthetixPositionMonitor.py
2024-03-21 12:36:20 - [INFO] - Exiting check_liquidation_risk in MasterPositionMonitor.py
2024-03-21 12:36:20 - [INFO] - Entering check_profitability_for_open_position in MasterPositionMonitor.py
2024-03-21 12:36:20 - [INFO] - Entering get_open_position in SynthetixPositionMonitor.py
2024-03-21 12:36:20 - [INFO] - Exiting get_open_position in SynthetixPositionMonitor.py
2024-03-21 12:36:20 - [INFO] - Entering get_open_position in BinancePositionMonitor.py
2024-03-21 12:36:20 - [INFO] - Exiting get_open_position in BinancePositionMonitor.py
2024-03-21 12:36:20 - [INFO] - Entering get_funding_rate in SynthetixPositionMonitor.py
2024-03-21 12:36:20 - [INFO] - Exiting check_profitability_for_open_position in MasterPositionMonitor.py
2024-03-21 12:36:20 - [INFO] - Entering is_position_delta_within_bounds in MasterPositionMonitor.py
2024-03-21 12:36:20 - [INFO] - Entering get_open_position in SynthetixPositionMonitor.py
2024-03-21 12:36:20 - [INFO] - Exiting get_open_position in SynthetixPositionMonitor.py
2024-03-21 12:36:20 - [INFO] - Entering get_open_position in BinancePositionMonitor.py
2024-03-21 12:36:20 - [INFO] - Exiting get_open_position in BinancePositionMonitor.py
2024-03-21 12:36:20 - [INFO] - Exiting is_position_delta_within_bounds in MasterPositionMonitor.py
2024-03-21 12:36:20 - [INFO] - Entering close_all_positions in MasterPositionController.py
2024-03-21 12:36:20 - [INFO] - Exiting log_open_trade in TradeDatabase.py
2024-03-21 12:36:20 - [INFO] - Entering log_open_trade in TradeDatabase.py
2024-03-21 12:36:20 - [INFO] - Exiting log_open_trade in TradeDatabase.py
2024-03-21 12:36:20 - [INFO] - Exiting log_trade_pair in TradeDatabase.py
2024-03-21 12:36:20 - [INFO] - Exiting execute_trades in MasterPositionController.py
2024-03-21 12:36:20 - [INFO] - Exiting search_for_opportunities in main_class.py
2024-03-21 12:36:20 - [INFO] - Exiting start_search in main_class.py
2024-03-21 12:36:23 - [INFO] - Entering is_transaction_hash in SynthetixPositionControllerUtils.py
2024-03-21 12:36:23 - [INFO] - Exiting is_transaction_hash in SynthetixPositionControllerUtils.py
2024-03-21 12:36:28 - [INFO] - Entering on_position_closed in MasterPositionMonitor.py
2024-03-21 12:36:28 - [INFO] - Exiting on_position_closed in MasterPositionMonitor.py
2024-03-21 12:36:28 - [INFO] - Entering log_close_trade in TradeDatabase.py
2024-03-21 12:36:28 - [INFO] - Entering get_open_execution_id in TradeDatabase.py
2024-03-21 12:36:28 - [INFO] - Exiting get_open_execution_id in TradeDatabase.py
2024-03-21 12:36:28 - [INFO] - Entering log_close_trade_pair in TradeDatabase.py
2024-03-21 12:36:28 - [INFO] - Entering get_trade_pair_by_execution_id in TradeDatabase.py
2024-03-21 12:36:28 - [INFO] - Exiting get_trade_pair_by_execution_id in TradeDatabase.py
2024-03-21 12:36:28 - [INFO] - Exiting log_close_trade_pair in TradeDatabase.py
2024-03-21 12:36:28 - [INFO] - Exiting log_close_trade in TradeDatabase.py
2024-03-21 12:36:28 - [INFO] - Exiting close_all_positions in MasterPositionController.py
2024-03-21 12:36:28 - [INFO] - Exiting position_health_check in MasterPositionMonitor.py
2024-03-21 12:36:45 - [INFO] - Entering __init__ in SynthetixPositionController.py
2024-03-21 12:36:50 - [INFO] - Exiting __init__ in SynthetixPositionController.py
2024-03-21 12:36:50 - [INFO] - Entering __init__ in SynthetixPositionController.py
2024-03-21 12:36:54 - [INFO] - Exiting __init__ in SynthetixPositionController.py
2024-03-21 12:36:54 - [INFO] - Entering __init__ in BinancePositionController.py
2024-03-21 12:36:54 - [INFO] - Exiting __init__ in BinancePositionController.py
2024-03-21 12:36:54 - [INFO] - Entering close_all_positions in MasterPositionController.py
2024-03-21 12:36:56 - [INFO] - Exiting close_all_positions in MasterPositionController.py
2024-03-21 13:51:25 - [INFO] - Entering __init__ in SynthetixPositionController.py
2024-03-21 13:51:35 - [INFO] - Exiting __init__ in SynthetixPositionController.py
2024-03-21 13:51:40 - [INFO] - Entering filter_exchanges_and_tokens in MasterCaller.py
2024-03-21 13:51:40 - [INFO] - Exiting filter_exchanges_and_tokens in MasterCaller.py
2024-03-21 13:51:40 - [INFO] - Entering __init__ in SynthetixPositionController.py
2024-03-21 13:51:44 - [INFO] - Exiting __init__ in SynthetixPositionController.py
2024-03-21 13:51:44 - [INFO] - Entering __init__ in BinancePositionController.py
2024-03-21 13:51:44 - [INFO] - Exiting __init__ in BinancePositionController.py
2024-03-21 13:51:44 - [INFO] - Entering __init__ in SynthetixPositionController.py
2024-03-21 13:51:49 - [INFO] - Exiting __init__ in SynthetixPositionController.py
2024-03-21 13:51:49 - [INFO] - Entering __init__ in BinancePositionController.py
2024-03-21 13:51:49 - [INFO] - Exiting __init__ in BinancePositionController.py
2024-03-21 13:51:49 - [INFO] - Entering subscribe_to_events in MasterPositionController.py
2024-03-21 13:51:49 - [INFO] - Exiting subscribe_to_events in MasterPositionController.py
2024-03-21 13:51:53 - [INFO] - Entering create_or_access_database in TradeDatabase.py
2024-03-21 13:51:53 - [INFO] - Exiting create_or_access_database in TradeDatabase.py
2024-03-21 13:51:53 - [INFO] - Entering start_search in main_class.py
2024-03-21 13:51:53 - [INFO] - Entering search_for_opportunities in main_class.py
2024-03-21 13:51:53 - [INFO] - Entering get_funding_rates in MasterCaller.py
2024-03-21 13:51:53 - [INFO] - Entering get_funding_rates in SynthetixCaller.py
2024-03-21 13:51:54 - [INFO] - Entering _filter_market_data in SynthetixCaller.py
2024-03-21 13:51:54 - [INFO] - Exiting _filter_market_data in SynthetixCaller.py
2024-03-21 13:51:54 - [INFO] - Exiting get_funding_rates in SynthetixCaller.py
2024-03-21 13:51:54 - [INFO] - Entering get_funding_rates in binanceCaller.py
2024-03-21 13:51:54 - [INFO] - Entering _fetch_funding_rate_for_symbol in binanceCaller.py
2024-03-21 13:51:54 - [INFO] - Exiting _fetch_funding_rate_for_symbol in binanceCaller.py
2024-03-21 13:51:54 - [INFO] - Entering _parse_funding_rate_data in binanceCaller.py
2024-03-21 13:51:54 - [INFO] - Exiting _parse_funding_rate_data in binanceCaller.py
2024-03-21 13:51:54 - [INFO] - Entering _fetch_funding_rate_for_symbol in binanceCaller.py
2024-03-21 13:51:55 - [INFO] - Exiting _fetch_funding_rate_for_symbol in binanceCaller.py
2024-03-21 13:51:55 - [INFO] - Entering _parse_funding_rate_data in binanceCaller.py
2024-03-21 13:51:55 - [INFO] - Exiting _parse_funding_rate_data in binanceCaller.py
2024-03-21 13:51:55 - [INFO] - Exiting get_funding_rates in binanceCaller.py
2024-03-21 13:51:55 - [INFO] - Exiting get_funding_rates in MasterCaller.py
2024-03-21 13:51:55 - [INFO] - Entering find_delta_neutral_arbitrage_opportunities in MatchingEngine.py
2024-03-21 13:51:55 - [INFO] - Entering normalize_symbol in globalUtils.py
2024-03-21 13:51:55 - [INFO] - Exiting normalize_symbol in globalUtils.py
2024-03-21 13:51:55 - [INFO] - Entering normalize_symbol in globalUtils.py
2024-03-21 13:51:55 - [INFO] - Exiting normalize_symbol in globalUtils.py
2024-03-21 13:51:55 - [INFO] - Entering normalize_symbol in globalUtils.py
2024-03-21 13:51:55 - [INFO] - Exiting normalize_symbol in globalUtils.py
2024-03-21 13:51:55 - [INFO] - Entering normalize_symbol in globalUtils.py
2024-03-21 13:51:55 - [INFO] - Exiting normalize_symbol in globalUtils.py
2024-03-21 13:51:55 - [INFO] - Entering find_arbitrage_opportunities_for_symbol in MatchingEngine.py
2024-03-21 13:51:55 - [INFO] - Entering normalize_symbol in globalUtils.py
2024-03-21 13:51:55 - [INFO] - Exiting normalize_symbol in globalUtils.py
2024-03-21 13:51:55 - [INFO] - Exiting find_arbitrage_opportunities_for_symbol in MatchingEngine.py
2024-03-21 13:51:55 - [INFO] - Entering find_arbitrage_opportunities_for_symbol in MatchingEngine.py
2024-03-21 13:51:55 - [INFO] - Entering normalize_symbol in globalUtils.py
2024-03-21 13:51:55 - [INFO] - Exiting normalize_symbol in globalUtils.py
2024-03-21 13:51:55 - [INFO] - Exiting find_arbitrage_opportunities_for_symbol in MatchingEngine.py
2024-03-21 13:51:55 - [INFO] - Exiting find_delta_neutral_arbitrage_opportunities in MatchingEngine.py
2024-03-21 13:51:55 - [INFO] - Entering find_most_profitable_opportunity in checkProfitability.py
2024-03-21 13:51:55 - [INFO] - Exiting find_most_profitable_opportunity in checkProfitability.py
2024-03-21 13:51:55 - [INFO] - Entering execute_trades in MasterPositionController.py
2024-03-21 13:51:55 - [INFO] - Entering is_already_position_open in MasterPositionController.py
2024-03-21 13:51:56 - [INFO] - Exiting is_already_position_open in MasterPositionController.py
2024-03-21 13:51:56 - [INFO] - Entering get_trade_size in MasterPositionController.py
2024-03-21 13:51:56 - [INFO] - Entering get_available_collateral_by_exchange in MasterPositionController.py
2024-03-21 13:51:57 - [INFO] - Exiting get_available_collateral_by_exchange in MasterPositionController.py
2024-03-21 13:51:57 - [INFO] - Exiting get_trade_size in MasterPositionController.py
2024-03-21 13:51:57 - [INFO] - Entering get_full_asset_name in globalUtils.py
2024-03-21 13:51:57 - [INFO] - Exiting get_full_asset_name in globalUtils.py
2024-03-21 13:51:57 - [INFO] - Entering get_asset_amount_for_given_dollar_amount in globalUtils.py
2024-03-21 13:51:57 - [INFO] - Entering get_asset_price in globalUtils.py
2024-03-21 13:51:57 - [INFO] - Exiting get_asset_price in globalUtils.py
2024-03-21 13:51:57 - [INFO] - Exiting get_asset_amount_for_given_dollar_amount in globalUtils.py
2024-03-21 13:51:57 - [INFO] - Entering adjust_trade_size_for_direction in globalUtils.py
2024-03-21 13:51:57 - [INFO] - Exiting adjust_trade_size_for_direction in globalUtils.py
2024-03-21 13:52:02 - [INFO] - Entering get_full_asset_name in globalUtils.py
2024-03-21 13:52:02 - [INFO] - Exiting get_full_asset_name in globalUtils.py
2024-03-21 13:52:02 - [INFO] - Entering get_asset_amount_for_given_dollar_amount in globalUtils.py
2024-03-21 13:52:02 - [INFO] - Entering get_asset_price in globalUtils.py
2024-03-21 13:52:02 - [INFO] - Exiting get_asset_price in globalUtils.py
2024-03-21 13:52:02 - [INFO] - Exiting get_asset_amount_for_given_dollar_amount in globalUtils.py
2024-03-21 13:52:02 - [INFO] - Entering adjust_trade_size_for_direction in globalUtils.py
2024-03-21 13:52:02 - [INFO] - Exiting adjust_trade_size_for_direction in globalUtils.py
2024-03-21 13:52:04 - [INFO] - Entering is_transaction_hash in SynthetixPositionControllerUtils.py
2024-03-21 13:52:04 - [INFO] - Exiting is_transaction_hash in SynthetixPositionControllerUtils.py
2024-03-21 13:52:25 - [INFO] - Entering parse_trade_data_from_position_details in SynthetixPositionControllerUtils.py
2024-03-21 13:52:25 - [INFO] - Entering get_side in SynthetixPositionControllerUtils.py
2024-03-21 13:52:25 - [INFO] - Exiting get_side in SynthetixPositionControllerUtils.py
2024-03-21 13:52:25 - [INFO] - Entering get_full_asset_name in globalUtils.py
2024-03-21 13:52:25 - [INFO] - Exiting get_full_asset_name in globalUtils.py
2024-03-21 13:52:25 - [INFO] - Entering get_asset_price in globalUtils.py
2024-03-21 13:52:25 - [INFO] - Exiting get_asset_price in globalUtils.py
2024-03-21 13:52:25 - [INFO] - Entering calculate_liquidation_price in SynthetixPositionControllerUtils.py
2024-03-21 13:52:25 - [INFO] - Exiting calculate_liquidation_price in SynthetixPositionControllerUtils.py
2024-03-21 13:52:25 - [INFO] - Exiting parse_trade_data_from_position_details in SynthetixPositionControllerUtils.py
2024-03-21 13:52:25 - [INFO] - Entering on_position_opened in MasterPositionMonitor.py
2024-03-21 13:52:35 - [INFO] - Entering start_health_check in MasterPositionMonitor.py
2024-03-21 13:52:35 - [INFO] - Exiting on_position_opened in MasterPositionMonitor.py
2024-03-21 13:52:35 - [INFO] - Entering position_health_check in MasterPositionMonitor.py
2024-03-21 13:52:35 - [INFO] - Entering check_liquidation_risk in MasterPositionMonitor.py
2024-03-21 13:52:35 - [INFO] - Entering get_open_position in SynthetixPositionMonitor.py
2024-03-21 13:52:35 - [INFO] - Entering log_trade_pair in TradeDatabase.py
2024-03-21 13:52:35 - [INFO] - Entering log_open_trade in TradeDatabase.py
2024-03-21 13:52:35 - [INFO] - Exiting get_open_position in SynthetixPositionMonitor.py
2024-03-21 13:52:35 - [INFO] - Entering get_open_position in BinancePositionMonitor.py
2024-03-21 13:52:35 - [INFO] - Exiting get_open_position in BinancePositionMonitor.py
2024-03-21 13:52:35 - [INFO] - Entering is_near_liquidation_price in SynthetixPositionMonitor.py
2024-03-21 13:52:35 - [INFO] - Exiting check_liquidation_risk in MasterPositionMonitor.py
2024-03-21 13:52:35 - [INFO] - Entering check_profitability_for_open_position in MasterPositionMonitor.py
2024-03-21 13:52:35 - [INFO] - Entering get_open_position in SynthetixPositionMonitor.py
2024-03-21 13:52:35 - [INFO] - Exiting get_open_position in SynthetixPositionMonitor.py
2024-03-21 13:52:35 - [INFO] - Entering get_open_position in BinancePositionMonitor.py
2024-03-21 13:52:35 - [INFO] - Exiting get_open_position in BinancePositionMonitor.py
2024-03-21 13:52:35 - [INFO] - Entering get_funding_rate in SynthetixPositionMonitor.py
2024-03-21 13:52:35 - [INFO] - Exiting check_profitability_for_open_position in MasterPositionMonitor.py
2024-03-21 13:52:35 - [INFO] - Entering is_position_delta_within_bounds in MasterPositionMonitor.py
2024-03-21 13:52:35 - [INFO] - Entering get_open_position in SynthetixPositionMonitor.py
2024-03-21 13:52:35 - [INFO] - Exiting get_open_position in SynthetixPositionMonitor.py
2024-03-21 13:52:35 - [INFO] - Entering get_open_position in BinancePositionMonitor.py
2024-03-21 13:52:35 - [INFO] - Exiting get_open_position in BinancePositionMonitor.py
2024-03-21 13:52:35 - [INFO] - Exiting is_position_delta_within_bounds in MasterPositionMonitor.py
2024-03-21 13:52:35 - [INFO] - Entering close_all_positions in MasterPositionController.py
2024-03-21 13:52:35 - [INFO] - Exiting log_open_trade in TradeDatabase.py
2024-03-21 13:52:35 - [INFO] - Entering log_open_trade in TradeDatabase.py
2024-03-21 13:52:35 - [INFO] - Exiting log_open_trade in TradeDatabase.py
2024-03-21 13:52:35 - [INFO] - Exiting log_trade_pair in TradeDatabase.py
2024-03-21 13:52:35 - [INFO] - Exiting execute_trades in MasterPositionController.py
2024-03-21 13:52:35 - [INFO] - Exiting search_for_opportunities in main_class.py
2024-03-21 13:52:35 - [INFO] - Exiting start_search in main_class.py
2024-03-21 13:52:39 - [INFO] - Entering is_transaction_hash in SynthetixPositionControllerUtils.py
2024-03-21 13:52:39 - [INFO] - Exiting is_transaction_hash in SynthetixPositionControllerUtils.py
2024-03-21 13:52:43 - [INFO] - Entering on_position_closed in MasterPositionMonitor.py
2024-03-21 13:52:43 - [INFO] - Exiting on_position_closed in MasterPositionMonitor.py
2024-03-21 13:52:43 - [INFO] - Entering log_close_trade in TradeDatabase.py
2024-03-21 13:52:43 - [INFO] - Entering get_open_execution_id in TradeDatabase.py
2024-03-21 13:52:43 - [INFO] - Exiting get_open_execution_id in TradeDatabase.py
2024-03-21 13:52:43 - [INFO] - Entering log_close_trade_pair in TradeDatabase.py
2024-03-21 13:52:43 - [INFO] - Entering get_trade_pair_by_execution_id in TradeDatabase.py
2024-03-21 13:52:43 - [INFO] - Exiting get_trade_pair_by_execution_id in TradeDatabase.py
2024-03-21 13:52:43 - [INFO] - Exiting log_close_trade_pair in TradeDatabase.py
2024-03-21 13:52:43 - [INFO] - Exiting log_close_trade in TradeDatabase.py
2024-03-21 13:52:43 - [INFO] - Exiting close_all_positions in MasterPositionController.py
2024-03-21 13:52:43 - [INFO] - Exiting position_health_check in MasterPositionMonitor.py
2024-03-21 13:53:05 - [INFO] - Entering start_search in Unknown
2024-03-21 13:53:05 - [INFO] - Entering search_for_opportunities in Unknown
2024-03-21 13:53:05 - [INFO] - Entering get_funding_rates in MasterCaller.py
2024-03-21 13:53:05 - [INFO] - Entering get_funding_rates in SynthetixCaller.py
2024-03-21 13:53:08 - [INFO] - Entering _filter_market_data in SynthetixCaller.py
2024-03-21 13:53:08 - [INFO] - Exiting _filter_market_data in SynthetixCaller.py
2024-03-21 13:53:08 - [INFO] - Exiting get_funding_rates in SynthetixCaller.py
2024-03-21 13:53:08 - [INFO] - Entering get_funding_rates in binanceCaller.py
2024-03-21 13:53:08 - [INFO] - Entering _fetch_funding_rate_for_symbol in binanceCaller.py
2024-03-21 13:53:08 - [INFO] - Exiting _fetch_funding_rate_for_symbol in binanceCaller.py
2024-03-21 13:53:08 - [INFO] - Entering _parse_funding_rate_data in binanceCaller.py
2024-03-21 13:53:08 - [INFO] - Exiting _parse_funding_rate_data in binanceCaller.py
2024-03-21 13:53:08 - [INFO] - Entering _fetch_funding_rate_for_symbol in binanceCaller.py
2024-03-21 13:53:08 - [INFO] - Exiting _fetch_funding_rate_for_symbol in binanceCaller.py
2024-03-21 13:53:08 - [INFO] - Entering _parse_funding_rate_data in binanceCaller.py
2024-03-21 13:53:08 - [INFO] - Exiting _parse_funding_rate_data in binanceCaller.py
2024-03-21 13:53:08 - [INFO] - Exiting get_funding_rates in binanceCaller.py
2024-03-21 13:53:08 - [INFO] - Exiting get_funding_rates in MasterCaller.py
2024-03-21 13:53:08 - [INFO] - Entering find_delta_neutral_arbitrage_opportunities in MatchingEngine.py
2024-03-21 13:53:08 - [INFO] - Entering normalize_symbol in globalUtils.py
2024-03-21 13:53:08 - [INFO] - Exiting normalize_symbol in globalUtils.py
2024-03-21 13:53:08 - [INFO] - Entering normalize_symbol in globalUtils.py
2024-03-21 13:53:08 - [INFO] - Exiting normalize_symbol in globalUtils.py
2024-03-21 13:53:08 - [INFO] - Entering normalize_symbol in globalUtils.py
2024-03-21 13:53:08 - [INFO] - Exiting normalize_symbol in globalUtils.py
2024-03-21 13:53:08 - [INFO] - Entering normalize_symbol in globalUtils.py
2024-03-21 13:53:08 - [INFO] - Exiting normalize_symbol in globalUtils.py
2024-03-21 13:53:08 - [INFO] - Entering find_arbitrage_opportunities_for_symbol in MatchingEngine.py
2024-03-21 13:53:08 - [INFO] - Entering normalize_symbol in globalUtils.py
2024-03-21 13:53:08 - [INFO] - Exiting normalize_symbol in globalUtils.py
2024-03-21 13:53:08 - [INFO] - Exiting find_arbitrage_opportunities_for_symbol in MatchingEngine.py
2024-03-21 13:53:08 - [INFO] - Entering find_arbitrage_opportunities_for_symbol in MatchingEngine.py
2024-03-21 13:53:08 - [INFO] - Entering normalize_symbol in globalUtils.py
2024-03-21 13:53:08 - [INFO] - Exiting normalize_symbol in globalUtils.py
2024-03-21 13:53:08 - [INFO] - Exiting find_arbitrage_opportunities_for_symbol in MatchingEngine.py
2024-03-21 13:53:08 - [INFO] - Exiting find_delta_neutral_arbitrage_opportunities in MatchingEngine.py
2024-03-21 13:53:08 - [INFO] - Entering find_most_profitable_opportunity in checkProfitability.py
2024-03-21 13:53:08 - [INFO] - Exiting find_most_profitable_opportunity in checkProfitability.py
2024-03-21 13:53:08 - [INFO] - Entering execute_trades in MasterPositionController.py
2024-03-21 13:53:08 - [INFO] - Entering is_already_position_open in MasterPositionController.py
2024-03-21 13:53:10 - [INFO] - Exiting is_already_position_open in MasterPositionController.py
2024-03-21 13:53:10 - [INFO] - Entering get_trade_size in MasterPositionController.py
2024-03-21 13:53:10 - [INFO] - Entering get_available_collateral_by_exchange in MasterPositionController.py
2024-03-21 13:53:11 - [INFO] - Exiting get_available_collateral_by_exchange in MasterPositionController.py
2024-03-21 13:53:11 - [INFO] - Exiting get_trade_size in MasterPositionController.py
2024-03-21 13:53:11 - [INFO] - Entering get_full_asset_name in globalUtils.py
2024-03-21 13:53:11 - [INFO] - Exiting get_full_asset_name in globalUtils.py
2024-03-21 13:53:11 - [INFO] - Entering get_asset_amount_for_given_dollar_amount in globalUtils.py
2024-03-21 13:53:11 - [INFO] - Entering get_asset_price in globalUtils.py
2024-03-21 13:53:11 - [INFO] - Exiting get_asset_price in globalUtils.py
2024-03-21 13:53:11 - [INFO] - Exiting get_asset_amount_for_given_dollar_amount in globalUtils.py
2024-03-21 13:53:11 - [INFO] - Entering adjust_trade_size_for_direction in globalUtils.py
2024-03-21 13:53:11 - [INFO] - Exiting adjust_trade_size_for_direction in globalUtils.py
2024-03-21 13:53:13 - [INFO] - Exiting start_health_check in MasterPositionMonitor.py
2024-03-21 13:53:16 - [INFO] - Entering get_full_asset_name in globalUtils.py
2024-03-21 13:53:16 - [INFO] - Exiting get_full_asset_name in globalUtils.py
2024-03-21 13:53:16 - [INFO] - Entering get_asset_amount_for_given_dollar_amount in globalUtils.py
2024-03-21 13:53:16 - [INFO] - Entering get_asset_price in globalUtils.py
2024-03-21 13:53:16 - [INFO] - Exiting get_asset_price in globalUtils.py
2024-03-21 13:53:16 - [INFO] - Exiting get_asset_amount_for_given_dollar_amount in globalUtils.py
2024-03-21 13:53:16 - [INFO] - Entering adjust_trade_size_for_direction in globalUtils.py
2024-03-21 13:53:16 - [INFO] - Exiting adjust_trade_size_for_direction in globalUtils.py
2024-03-21 13:53:19 - [INFO] - Entering is_transaction_hash in SynthetixPositionControllerUtils.py
2024-03-21 13:53:19 - [INFO] - Exiting is_transaction_hash in SynthetixPositionControllerUtils.py
2024-03-21 13:53:36 - [INFO] - Entering parse_trade_data_from_position_details in SynthetixPositionControllerUtils.py
2024-03-21 13:53:36 - [INFO] - Entering get_side in SynthetixPositionControllerUtils.py
2024-03-21 13:53:36 - [INFO] - Exiting get_side in SynthetixPositionControllerUtils.py
2024-03-21 13:53:36 - [INFO] - Entering get_full_asset_name in globalUtils.py
2024-03-21 13:53:36 - [INFO] - Exiting get_full_asset_name in globalUtils.py
2024-03-21 13:53:36 - [INFO] - Entering get_asset_price in globalUtils.py
2024-03-21 13:53:36 - [INFO] - Exiting get_asset_price in globalUtils.py
2024-03-21 13:53:36 - [INFO] - Entering calculate_liquidation_price in SynthetixPositionControllerUtils.py
2024-03-21 13:53:36 - [INFO] - Exiting calculate_liquidation_price in SynthetixPositionControllerUtils.py
2024-03-21 13:53:36 - [INFO] - Exiting parse_trade_data_from_position_details in SynthetixPositionControllerUtils.py
2024-03-21 13:53:36 - [INFO] - Entering on_position_opened in MasterPositionMonitor.py
2024-03-21 13:53:46 - [INFO] - Entering start_health_check in MasterPositionMonitor.py
2024-03-21 13:53:46 - [INFO] - Entering position_health_check in MasterPositionMonitor.py
2024-03-21 13:53:46 - [INFO] - Entering check_liquidation_risk in MasterPositionMonitor.py
2024-03-21 13:53:46 - [INFO] - Entering get_open_position in SynthetixPositionMonitor.py
2024-03-21 13:53:46 - [INFO] - Exiting on_position_opened in MasterPositionMonitor.py
2024-03-21 13:53:46 - [INFO] - Entering log_trade_pair in TradeDatabase.py
2024-03-21 13:53:46 - [INFO] - Entering log_open_trade in TradeDatabase.py
2024-03-21 13:53:46 - [INFO] - Exiting get_open_position in SynthetixPositionMonitor.py
2024-03-21 13:53:46 - [INFO] - Entering get_open_position in BinancePositionMonitor.py
2024-03-21 13:53:46 - [INFO] - Exiting get_open_position in BinancePositionMonitor.py
2024-03-21 13:53:46 - [INFO] - Entering is_near_liquidation_price in SynthetixPositionMonitor.py
2024-03-21 13:53:46 - [INFO] - Exiting check_liquidation_risk in MasterPositionMonitor.py
2024-03-21 13:53:46 - [INFO] - Entering check_profitability_for_open_position in MasterPositionMonitor.py
2024-03-21 13:53:46 - [INFO] - Entering get_open_position in SynthetixPositionMonitor.py
2024-03-21 13:53:46 - [INFO] - Exiting get_open_position in SynthetixPositionMonitor.py
2024-03-21 13:53:46 - [INFO] - Entering get_open_position in BinancePositionMonitor.py
2024-03-21 13:53:46 - [INFO] - Exiting get_open_position in BinancePositionMonitor.py
2024-03-21 13:53:46 - [INFO] - Entering get_funding_rate in SynthetixPositionMonitor.py
2024-03-21 13:53:46 - [INFO] - Exiting check_profitability_for_open_position in MasterPositionMonitor.py
2024-03-21 13:53:46 - [INFO] - Entering is_position_delta_within_bounds in MasterPositionMonitor.py
2024-03-21 13:53:46 - [INFO] - Entering get_open_position in SynthetixPositionMonitor.py
2024-03-21 13:53:46 - [INFO] - Exiting get_open_position in SynthetixPositionMonitor.py
2024-03-21 13:53:46 - [INFO] - Entering get_open_position in BinancePositionMonitor.py
2024-03-21 13:53:46 - [INFO] - Exiting get_open_position in BinancePositionMonitor.py
2024-03-21 13:53:46 - [INFO] - Exiting is_position_delta_within_bounds in MasterPositionMonitor.py
2024-03-21 13:53:46 - [INFO] - Entering close_all_positions in MasterPositionController.py
2024-03-21 13:53:46 - [INFO] - Exiting log_open_trade in TradeDatabase.py
2024-03-21 13:53:46 - [INFO] - Entering log_open_trade in TradeDatabase.py
2024-03-21 13:53:46 - [INFO] - Exiting log_open_trade in TradeDatabase.py
2024-03-21 13:53:46 - [INFO] - Exiting log_trade_pair in TradeDatabase.py
2024-03-21 13:53:46 - [INFO] - Exiting execute_trades in MasterPositionController.py
2024-03-21 13:53:46 - [INFO] - Exiting search_for_opportunities in Unknown
2024-03-21 13:53:46 - [INFO] - Exiting start_search in Unknown
2024-03-21 13:53:49 - [INFO] - Entering is_transaction_hash in SynthetixPositionControllerUtils.py
2024-03-21 13:53:49 - [INFO] - Exiting is_transaction_hash in SynthetixPositionControllerUtils.py
2024-03-21 13:53:54 - [INFO] - Entering on_position_closed in MasterPositionMonitor.py
2024-03-21 13:53:54 - [INFO] - Exiting on_position_closed in MasterPositionMonitor.py
2024-03-21 13:53:54 - [INFO] - Entering log_close_trade in TradeDatabase.py
2024-03-21 13:53:54 - [INFO] - Entering get_open_execution_id in TradeDatabase.py
2024-03-21 13:53:54 - [INFO] - Exiting get_open_execution_id in TradeDatabase.py
2024-03-21 13:53:54 - [INFO] - Entering log_close_trade_pair in TradeDatabase.py
2024-03-21 13:53:54 - [INFO] - Entering get_trade_pair_by_execution_id in TradeDatabase.py
2024-03-21 13:53:54 - [INFO] - Exiting get_trade_pair_by_execution_id in TradeDatabase.py
2024-03-21 13:53:54 - [INFO] - Exiting log_close_trade_pair in TradeDatabase.py
2024-03-21 13:53:54 - [INFO] - Exiting log_close_trade in TradeDatabase.py
2024-03-21 13:53:54 - [INFO] - Exiting close_all_positions in MasterPositionController.py
2024-03-21 13:53:54 - [INFO] - Exiting position_health_check in MasterPositionMonitor.py
